<?xml version="1.0" encoding="UTF-8"?>
<coverage generated="1782655592320" clover="3.2.0">
  <project timestamp="1782655592320" name="All files">
    <metrics statements="275" coveredstatements="138" conditionals="80" coveredconditionals="47" methods="65" coveredmethods="31" elements="420" coveredelements="216" complexity="0" loc="275" ncloc="275" packages="1" files="6" classes="6"/>
    <file name="v3-app.tsx" path="/Users/ygwhrsh/dev/projects/harness-3rd/v3-app.tsx">
      <metrics statements="79" coveredstatements="54" conditionals="33" coveredconditionals="17" methods="27" coveredmethods="11"/>
      <line num="3" count="1" type="stmt"/>
      <line num="4" count="1" type="stmt"/>
      <line num="13" count="1" type="stmt"/>
      <line num="14" count="1" type="stmt"/>
      <line num="39" count="1" type="stmt"/>
      <line num="40" count="0" type="stmt"/>
      <line num="55" count="1" type="stmt"/>
      <line num="56" count="24" type="cond" truecount="1" falsecount="0"/>
      <line num="57" count="0" type="stmt"/>
      <line num="64" count="1" type="stmt"/>
      <line num="65" count="25" type="stmt"/>
      <line num="68" count="25" type="stmt"/>
      <line num="69" count="25" type="stmt"/>
      <line num="70" count="25" type="stmt"/>
      <line num="71" count="25" type="stmt"/>
      <line num="72" count="75" type="stmt"/>
      <line num="73" count="25" type="stmt"/>
      <line num="74" count="25" type="stmt"/>
      <line num="75" count="25" type="stmt"/>
      <line num="76" count="25" type="stmt"/>
      <line num="77" count="25" type="stmt"/>
      <line num="78" count="25" type="stmt"/>
      <line num="81" count="25" type="stmt"/>
      <line num="83" count="25" type="stmt"/>
      <line num="84" count="0" type="stmt"/>
      <line num="85" count="0" type="cond" truecount="0" falsecount="1"/>
      <line num="86" count="0" type="stmt"/>
      <line num="89" count="25" type="stmt"/>
      <line num="90" count="0" type="cond" truecount="0" falsecount="1"/>
      <line num="91" count="0" type="stmt"/>
      <line num="92" count="0" type="stmt"/>
      <line num="94" count="0" type="stmt"/>
      <line num="98" count="25" type="stmt"/>
      <line num="99" count="24" type="stmt"/>
      <line num="100" count="0" type="stmt"/>
      <line num="101" count="0" type="stmt"/>
      <line num="106" count="25" type="stmt"/>
      <line num="107" count="24" type="stmt"/>
      <line num="108" count="24" type="stmt"/>
      <line num="109" count="24" type="stmt"/>
      <line num="113" count="25" type="stmt"/>
      <line num="114" count="25" type="stmt"/>
      <line num="115" count="75" type="stmt"/>
      <line num="116" count="25" type="cond" truecount="2" falsecount="2"/>
      <line num="117" count="25" type="stmt"/>
      <line num="120" count="25" type="cond" truecount="2" falsecount="2"/>
      <line num="121" count="0" type="stmt"/>
      <line num="123" count="25" type="cond" truecount="2" falsecount="2"/>
      <line num="124" count="0" type="stmt"/>
      <line num="126" count="25" type="cond" truecount="2" falsecount="2"/>
      <line num="127" count="0" type="stmt"/>
      <line num="129" count="150" type="cond" truecount="2" falsecount="0"/>
      <line num="132" count="25" type="stmt"/>
      <line num="146" count="0" type="stmt"/>
      <line num="197" count="100" type="stmt"/>
      <line num="202" count="0" type="cond" truecount="0" falsecount="1"/>
      <line num="215" count="1" type="stmt"/>
      <line num="216" count="1" type="stmt"/>
      <line num="217" count="1" type="stmt"/>
      <line num="219" count="1" type="cond" truecount="2" falsecount="1"/>
      <line num="220" count="1" type="cond" truecount="0" falsecount="1"/>
      <line num="221" count="0" type="stmt"/>
      <line num="229" count="1" type="stmt"/>
      <line num="232" count="0" type="stmt"/>
      <line num="233" count="0" type="stmt"/>
      <line num="237" count="1" type="cond" truecount="1" falsecount="0"/>
      <line num="238" count="1" type="stmt"/>
      <line num="239" count="1" type="stmt"/>
      <line num="240" count="0" type="stmt"/>
      <line num="241" count="0" type="stmt"/>
      <line num="242" count="0" type="stmt"/>
      <line num="244" count="1" type="stmt"/>
      <line num="245" count="0" type="stmt"/>
      <line num="246" count="0" type="stmt"/>
      <line num="248" count="1" type="stmt"/>
      <line num="250" count="1" type="cond" truecount="1" falsecount="1"/>
      <line num="251" count="0" type="stmt"/>
      <line num="253" count="1" type="stmt"/>
      <line num="257" count="1" type="stmt"/>
    </file>
    <file name="v3-chart.tsx" path="/Users/ygwhrsh/dev/projects/harness-3rd/v3-chart.tsx">
      <metrics statements="129" coveredstatements="27" conditionals="17" coveredconditionals="6" methods="15" coveredmethods="4"/>
      <line num="3" count="1" type="stmt"/>
      <line num="17" count="1" type="stmt"/>
      <line num="18" count="0" type="stmt"/>
      <line num="19" count="0" type="cond" truecount="0" falsecount="2"/>
      <line num="23" count="1" type="stmt"/>
      <line num="24" count="1" type="stmt"/>
      <line num="25" count="1" type="stmt"/>
      <line num="26" count="1" type="stmt"/>
      <line num="27" count="1" type="stmt"/>
      <line num="44" count="1" type="stmt"/>
      <line num="54" count="29" type="stmt"/>
      <line num="55" count="29" type="stmt"/>
      <line num="56" count="29" type="stmt"/>
      <line num="58" count="29" type="stmt"/>
      <line num="59" count="27" type="stmt"/>
      <line num="60" count="27" type="stmt"/>
      <line num="61" count="27" type="stmt"/>
      <line num="62" count="27" type="cond" truecount="2" falsecount="1"/>
      <line num="64" count="27" type="stmt"/>
      <line num="65" count="27" type="stmt"/>
      <line num="66" count="27" type="cond" truecount="2" falsecount="1"/>
      <line num="68" count="0" type="cond" truecount="0" falsecount="2"/>
      <line num="69" count="0" type="stmt"/>
      <line num="70" count="0" type="stmt"/>
      <line num="72" count="0" type="stmt"/>
      <line num="73" count="0" type="cond" truecount="0" falsecount="1"/>
      <line num="75" count="0" type="stmt"/>
      <line num="76" count="0" type="stmt"/>
      <line num="79" count="0" type="stmt"/>
      <line num="80" count="0" type="stmt"/>
      <line num="81" count="0" type="stmt"/>
      <line num="82" count="0" type="stmt"/>
      <line num="85" count="0" type="stmt"/>
      <line num="86" count="0" type="stmt"/>
      <line num="87" count="0" type="stmt"/>
      <line num="88" count="0" type="stmt"/>
      <line num="89" count="0" type="stmt"/>
      <line num="90" count="0" type="stmt"/>
      <line num="93" count="0" type="stmt"/>
      <line num="94" count="0" type="stmt"/>
      <line num="95" count="0" type="stmt"/>
      <line num="97" count="0" type="stmt"/>
      <line num="98" count="0" type="stmt"/>
      <line num="99" count="0" type="stmt"/>
      <line num="102" count="0" type="cond" truecount="0" falsecount="1"/>
      <line num="103" count="0" type="stmt"/>
      <line num="104" count="0" type="stmt"/>
      <line num="108" count="0" type="stmt"/>
      <line num="109" count="0" type="stmt"/>
      <line num="110" count="0" type="stmt"/>
      <line num="113" count="0" type="cond" truecount="0" falsecount="2"/>
      <line num="114" count="0" type="stmt"/>
      <line num="115" count="0" type="stmt"/>
      <line num="118" count="0" type="stmt"/>
      <line num="119" count="0" type="stmt"/>
      <line num="121" count="0" type="stmt"/>
      <line num="122" count="0" type="stmt"/>
      <line num="125" count="0" type="stmt"/>
      <line num="126" count="0" type="stmt"/>
      <line num="129" count="0" type="stmt"/>
      <line num="130" count="0" type="stmt"/>
      <line num="131" count="0" type="stmt"/>
      <line num="132" count="0" type="stmt"/>
      <line num="133" count="0" type="stmt"/>
      <line num="134" count="0" type="stmt"/>
      <line num="135" count="0" type="stmt"/>
      <line num="136" count="0" type="stmt"/>
      <line num="137" count="0" type="stmt"/>
      <line num="138" count="0" type="stmt"/>
      <line num="139" count="0" type="stmt"/>
      <line num="140" count="0" type="stmt"/>
      <line num="141" count="0" type="stmt"/>
      <line num="145" count="0" type="stmt"/>
      <line num="146" count="0" type="stmt"/>
      <line num="147" count="0" type="stmt"/>
      <line num="150" count="0" type="stmt"/>
      <line num="151" count="0" type="stmt"/>
      <line num="152" count="0" type="stmt"/>
      <line num="153" count="0" type="stmt"/>
      <line num="154" count="0" type="stmt"/>
      <line num="156" count="0" type="stmt"/>
      <line num="157" count="0" type="stmt"/>
      <line num="158" count="0" type="stmt"/>
      <line num="161" count="0" type="stmt"/>
      <line num="162" count="0" type="stmt"/>
      <line num="163" count="0" type="stmt"/>
      <line num="164" count="0" type="stmt"/>
      <line num="165" count="0" type="stmt"/>
      <line num="166" count="0" type="stmt"/>
      <line num="167" count="0" type="stmt"/>
      <line num="169" count="0" type="stmt"/>
      <line num="170" count="0" type="stmt"/>
      <line num="171" count="0" type="stmt"/>
      <line num="172" count="0" type="stmt"/>
      <line num="173" count="0" type="stmt"/>
      <line num="176" count="0" type="cond" truecount="0" falsecount="1"/>
      <line num="177" count="0" type="stmt"/>
      <line num="178" count="0" type="stmt"/>
      <line num="179" count="0" type="stmt"/>
      <line num="180" count="0" type="stmt"/>
      <line num="181" count="0" type="stmt"/>
      <line num="182" count="0" type="stmt"/>
      <line num="183" count="0" type="stmt"/>
      <line num="185" count="0" type="stmt"/>
      <line num="186" count="0" type="stmt"/>
      <line num="190" count="0" type="stmt"/>
      <line num="191" count="0" type="stmt"/>
      <line num="192" count="0" type="stmt"/>
      <line num="193" count="0" type="stmt"/>
      <line num="194" count="0" type="stmt"/>
      <line num="195" count="0" type="stmt"/>
      <line num="197" count="0" type="stmt"/>
      <line num="200" count="0" type="stmt"/>
      <line num="201" count="0" type="stmt"/>
      <line num="202" count="0" type="stmt"/>
      <line num="203" count="0" type="stmt"/>
      <line num="204" count="0" type="stmt"/>
      <line num="205" count="0" type="stmt"/>
      <line num="206" count="0" type="stmt"/>
      <line num="208" count="0" type="stmt"/>
      <line num="209" count="0" type="stmt"/>
      <line num="212" count="27" type="stmt"/>
      <line num="213" count="27" type="stmt"/>
      <line num="214" count="27" type="stmt"/>
      <line num="216" count="27" type="stmt"/>
      <line num="217" count="27" type="stmt"/>
      <line num="221" count="29" type="stmt"/>
      <line num="241" count="1" type="cond" truecount="1" falsecount="0"/>
      <line num="242" count="1" type="stmt"/>
    </file>
    <file name="v3-components.tsx" path="/Users/ygwhrsh/dev/projects/harness-3rd/v3-components.tsx">
      <metrics statements="15" coveredstatements="14" conditionals="17" coveredconditionals="17" methods="7" coveredmethods="6"/>
      <line num="3" count="2" type="stmt"/>
      <line num="4" count="2" type="stmt"/>
      <line num="19" count="2" type="stmt"/>
      <line num="20" count="33" type="stmt"/>
      <line num="26" count="101" type="stmt"/>
      <line num="28" count="33" type="stmt"/>
      <line num="31" count="101" type="stmt"/>
      <line num="39" count="101" type="stmt"/>
      <line num="63" count="2" type="stmt"/>
      <line num="64" count="35" type="stmt"/>
      <line num="70" count="35" type="stmt"/>
      <line num="72" count="105" type="stmt"/>
      <line num="86" count="0" type="stmt"/>
      <line num="101" count="2" type="cond" truecount="1" falsecount="0"/>
      <line num="102" count="2" type="stmt"/>
    </file>
    <file name="v3-constants.ts" path="/Users/ygwhrsh/dev/projects/harness-3rd/v3-constants.ts">
      <metrics statements="6" coveredstatements="6" conditionals="0" coveredconditionals="0" methods="0" coveredmethods="0"/>
      <line num="61" count="2" type="stmt"/>
      <line num="127" count="2" type="stmt"/>
      <line num="133" count="2" type="stmt"/>
      <line num="135" count="2" type="stmt"/>
      <line num="142" count="2" type="stmt"/>
      <line num="151" count="2" type="stmt"/>
    </file>
    <file name="v3-icons.tsx" path="/Users/ygwhrsh/dev/projects/harness-3rd/v3-icons.tsx">
      <metrics statements="9" coveredstatements="7" conditionals="1" coveredconditionals="1" methods="5" coveredmethods="3"/>
      <line num="3" count="2" type="stmt"/>
      <line num="7" count="34" type="cond" truecount="1" falsecount="0"/>
      <line num="8" count="130" type="stmt"/>
      <line num="23" count="200" type="stmt"/>
      <line num="26" count="2" type="stmt"/>
      <line num="67" count="2" type="stmt"/>
      <line num="68" count="0" type="stmt"/>
      <line num="87" count="2" type="stmt"/>
      <line num="88" count="0" type="stmt"/>
    </file>
    <file name="v3-tweaks.tsx" path="/Users/ygwhrsh/dev/projects/harness-3rd/v3-tweaks.tsx">
      <metrics statements="37" coveredstatements="30" conditionals="12" coveredconditionals="6" methods="11" coveredmethods="7"/>
      <line num="3" count="1" type="stmt"/>
      <line num="9" count="1" type="stmt"/>
      <line num="13" count="1" type="stmt"/>
      <line num="20" count="1" type="stmt"/>
      <line num="21" count="13" type="stmt"/>
      <line num="32" count="1" type="stmt"/>
      <line num="33" count="13" type="stmt"/>
      <line num="37" count="39" type="stmt"/>
      <line num="46" count="0" type="stmt"/>
      <line num="58" count="1" type="stmt"/>
      <line num="59" count="13" type="stmt"/>
      <line num="78" count="1" type="stmt"/>
      <line num="79" count="13" type="stmt"/>
      <line num="81" count="13" type="stmt"/>
      <line num="82" count="0" type="stmt"/>
      <line num="85" count="13" type="stmt"/>
      <line num="86" count="13" type="stmt"/>
      <line num="87" count="13" type="stmt"/>
      <line num="89" count="13" type="cond" truecount="3" falsecount="0"/>
      <line num="90" count="13" type="stmt"/>
      <line num="91" count="13" type="cond" truecount="1" falsecount="3"/>
      <line num="92" count="0" type="cond" truecount="0" falsecount="1"/>
      <line num="93" count="0" type="stmt"/>
      <line num="99" count="13" type="stmt"/>
      <line num="105" count="0" type="stmt"/>
      <line num="111" count="1" type="stmt"/>
      <line num="112" count="1" type="stmt"/>
      <line num="113" count="1" type="stmt"/>
      <line num="114" count="1" type="stmt"/>
      <line num="116" count="1" type="stmt"/>
      <line num="117" count="1" type="cond" truecount="0" falsecount="1"/>
      <line num="118" count="0" type="stmt"/>
      <line num="123" count="1" type="cond" truecount="1" falsecount="0"/>
      <line num="124" count="1" type="cond" truecount="1" falsecount="1"/>
      <line num="125" count="0" type="stmt"/>
      <line num="127" count="1" type="stmt"/>
      <line num="131" count="1" type="stmt"/>
    </file>
  </project>
</coverage>
