{"/Users/ygwhrsh/dev/projects/harness-3rd/v3-app.tsx": {"path":"/Users/ygwhrsh/dev/projects/harness-3rd/v3-app.tsx","statementMap":{"0":{"start":{"line":3,"column":0},"end":{"line":3,"column":96}},"1":{"start":{"line":4,"column":0},"end":{"line":4,"column":null}},"2":{"start":{"line":13,"column":0},"end":{"line":13,"column":48}},"3":{"start":{"line":14,"column":0},"end":{"line":14,"column":55}},"4":{"start":{"line":39,"column":16},"end":{"line":48,"column":null}},"5":{"start":{"line":40,"column":2},"end":{"line":48,"column":14}},"6":{"start":{"line":55,"column":14},"end":{"line":61,"column":2}},"7":{"start":{"line":56,"column":2},"end":{"line":56,"column":24}},"8":{"start":{"line":56,"column":12},"end":{"line":56,"column":24}},"9":{"start":{"line":57,"column":2},"end":{"line":60,"column":4}},"10":{"start":{"line":64,"column":16},"end":{"line":212,"column":1}},"11":{"start":{"line":65,"column":23},"end":{"line":65,"column":24}},"12":{"start":{"line":68,"column":28},"end":{"line":68,"column":58}},"13":{"start":{"line":69,"column":30},"end":{"line":69,"column":54}},"14":{"start":{"line":70,"column":34},"end":{"line":70,"column":58}},"15":{"start":{"line":71,"column":34},"end":{"line":71,"column":57}},"16":{"start":{"line":72,"column":28},"end":{"line":72,"column":75}},"17":{"start":{"line":72,"column":64},"end":{"line":72,"column":72}},"18":{"start":{"line":73,"column":28},"end":{"line":73,"column":63}},"19":{"start":{"line":74,"column":42},"end":{"line":74,"column":88}},"20":{"start":{"line":75,"column":26},"end":{"line":75,"column":79}},"21":{"start":{"line":76,"column":28},"end":{"line":76,"column":48}},"22":{"start":{"line":77,"column":42},"end":{"line":77,"column":61}},"23":{"start":{"line":78,"column":21},"end":{"line":78,"column":56}},"24":{"start":{"line":81,"column":14},"end":{"line":81,"column":80}},"25":{"start":{"line":81,"column":37},"end":{"line":81,"column":80}},"26":{"start":{"line":83,"column":16},"end":{"line":87,"column":8}},"27":{"start":{"line":84,"column":4},"end":{"line":84,"column":16}},"28":{"start":{"line":85,"column":4},"end":{"line":85,"column":61}},"29":{"start":{"line":85,"column":28},"end":{"line":85,"column":61}},"30":{"start":{"line":86,"column":4},"end":{"line":86,"column":62}},"31":{"start":{"line":86,"column":42},"end":{"line":86,"column":54}},"32":{"start":{"line":89,"column":21},"end":{"line":95,"column":3}},"33":{"start":{"line":90,"column":4},"end":{"line":93,"column":5}},"34":{"start":{"line":91,"column":6},"end":{"line":91,"column":66}},"35":{"start":{"line":92,"column":6},"end":{"line":92,"column":18}},"36":{"start":{"line":94,"column":4},"end":{"line":94,"column":17}},"37":{"start":{"line":98,"column":2},"end":{"line":103,"column":14}},"38":{"start":{"line":99,"column":4},"end":{"line":102,"column":6}},"39":{"start":{"line":100,"column":31},"end":{"line":100,"column":68}},"40":{"start":{"line":101,"column":22},"end":{"line":101,"column":27}},"41":{"start":{"line":106,"column":2},"end":{"line":110,"column":9}},"42":{"start":{"line":107,"column":15},"end":{"line":107,"column":72}},"43":{"start":{"line":107,"column":42},"end":{"line":107,"column":71}},"44":{"start":{"line":107,"column":65},"end":{"line":107,"column":70}},"45":{"start":{"line":108,"column":4},"end":{"line":108,"column":105}},"46":{"start":{"line":109,"column":4},"end":{"line":109,"column":33}},"47":{"start":{"line":109,"column":17},"end":{"line":109,"column":32}},"48":{"start":{"line":113,"column":19},"end":{"line":113,"column":35}},"49":{"start":{"line":114,"column":20},"end":{"line":114,"column":64}},"50":{"start":{"line":115,"column":19},"end":{"line":115,"column":75}},"51":{"start":{"line":115,"column":39},"end":{"line":115,"column":43}},"52":{"start":{"line":115,"column":62},"end":{"line":115,"column":71}},"53":{"start":{"line":116,"column":22},"end":{"line":116,"column":80}},"54":{"start":{"line":117,"column":20},"end":{"line":117,"column":25}},"55":{"start":{"line":120,"column":17},"end":{"line":122,"column":38}},"56":{"start":{"line":121,"column":45},"end":{"line":121,"column":79}},"57":{"start":{"line":123,"column":19},"end":{"line":125,"column":18}},"58":{"start":{"line":124,"column":30},"end":{"line":124,"column":42}},"59":{"start":{"line":126,"column":20},"end":{"line":128,"column":10}},"60":{"start":{"line":127,"column":27},"end":{"line":127,"column":55}},"61":{"start":{"line":129,"column":17},"end":{"line":129,"column":62}},"62":{"start":{"line":129,"column":41},"end":{"line":129,"column":61}},"63":{"start":{"line":132,"column":2},"end":{"line":211,"column":4}},"64":{"start":{"line":146,"column":23},"end":{"line":146,"column":41}},"65":{"start":{"line":197,"column":10},"end":{"line":204,"column":21}},"66":{"start":{"line":202,"column":29},"end":{"line":202,"column":60}},"67":{"start":{"line":202,"column":53},"end":{"line":202,"column":60}},"68":{"start":{"line":202,"column":61},"end":{"line":202,"column":76}},"69":{"start":{"line":215,"column":22},"end":{"line":234,"column":1}},"70":{"start":{"line":216,"column":14},"end":{"line":216,"column":59}},"71":{"start":{"line":217,"column":15},"end":{"line":217,"column":46}},"72":{"start":{"line":219,"column":2},"end":{"line":230,"column":3}},"73":{"start":{"line":220,"column":4},"end":{"line":228,"column":5}},"74":{"start":{"line":221,"column":6},"end":{"line":227,"column":8}},"75":{"start":{"line":229,"column":4},"end":{"line":229,"column":11}},"76":{"start":{"line":232,"column":20},"end":{"line":232,"column":43}},"77":{"start":{"line":233,"column":2},"end":{"line":233,"column":61}},"78":{"start":{"line":237,"column":0},"end":{"line":255,"column":1}},"79":{"start":{"line":238,"column":2},"end":{"line":238,"column":24}},"80":{"start":{"line":239,"column":2},"end":{"line":243,"column":4}},"81":{"start":{"line":240,"column":4},"end":{"line":240,"column":85}},"82":{"start":{"line":241,"column":4},"end":{"line":241,"column":49}},"83":{"start":{"line":242,"column":4},"end":{"line":242,"column":17}},"84":{"start":{"line":244,"column":2},"end":{"line":247,"column":5}},"85":{"start":{"line":245,"column":4},"end":{"line":245,"column":91}},"86":{"start":{"line":246,"column":4},"end":{"line":246,"column":53}},"87":{"start":{"line":248,"column":2},"end":{"line":248,"column":61}},"88":{"start":{"line":250,"column":2},"end":{"line":254,"column":3}},"89":{"start":{"line":251,"column":4},"end":{"line":251,"column":65}},"90":{"start":{"line":253,"column":4},"end":{"line":253,"column":20}},"91":{"start":{"line":257,"column":0},"end":{"line":257,"column":19}}},"fnMap":{"0":{"name":"(anonymous_9)","decl":{"start":{"line":39,"column":35},"end":{"line":39,"column":36}},"loc":{"start":{"line":40,"column":2},"end":{"line":48,"column":14}}},"1":{"name":"(anonymous_10)","decl":{"start":{"line":55,"column":31},"end":{"line":55,"column":32}},"loc":{"start":{"line":55,"column":43},"end":{"line":61,"column":1}}},"2":{"name":"(anonymous_11)","decl":{"start":{"line":64,"column":16},"end":{"line":64,"column":33}},"loc":{"start":{"line":64,"column":35},"end":{"line":212,"column":1}}},"3":{"name":"(anonymous_12)","decl":{"start":{"line":72,"column":58},"end":{"line":72,"column":59}},"loc":{"start":{"line":72,"column":64},"end":{"line":72,"column":72}}},"4":{"name":"(anonymous_13)","decl":{"start":{"line":81,"column":14},"end":{"line":81,"column":15}},"loc":{"start":{"line":81,"column":37},"end":{"line":81,"column":80}}},"5":{"name":"(anonymous_14)","decl":{"start":{"line":83,"column":28},"end":{"line":83,"column":29}},"loc":{"start":{"line":83,"column":48},"end":{"line":87,"column":3}}},"6":{"name":"(anonymous_15)","decl":{"start":{"line":86,"column":36},"end":{"line":86,"column":39}},"loc":{"start":{"line":86,"column":42},"end":{"line":86,"column":54}}},"7":{"name":"(anonymous_16)","decl":{"start":{"line":89,"column":21},"end":{"line":89,"column":22}},"loc":{"start":{"line":89,"column":47},"end":{"line":95,"column":3}}},"8":{"name":"(anonymous_17)","decl":{"start":{"line":98,"column":12},"end":{"line":98,"column":15}},"loc":{"start":{"line":98,"column":17},"end":{"line":103,"column":3}}},"9":{"name":"(anonymous_18)","decl":{"start":{"line":100,"column":16},"end":{"line":100,"column":17}},"loc":{"start":{"line":100,"column":31},"end":{"line":100,"column":68}}},"10":{"name":"(anonymous_19)","decl":{"start":{"line":101,"column":16},"end":{"line":101,"column":19}},"loc":{"start":{"line":101,"column":22},"end":{"line":101,"column":27}}},"11":{"name":"(anonymous_20)","decl":{"start":{"line":106,"column":12},"end":{"line":106,"column":15}},"loc":{"start":{"line":106,"column":17},"end":{"line":110,"column":3}}},"12":{"name":"(anonymous_21)","decl":{"start":{"line":107,"column":36},"end":{"line":107,"column":39}},"loc":{"start":{"line":107,"column":42},"end":{"line":107,"column":71}}},"13":{"name":"(anonymous_22)","decl":{"start":{"line":107,"column":58},"end":{"line":107,"column":59}},"loc":{"start":{"line":107,"column":65},"end":{"line":107,"column":70}}},"14":{"name":"(anonymous_23)","decl":{"start":{"line":109,"column":11},"end":{"line":109,"column":14}},"loc":{"start":{"line":109,"column":17},"end":{"line":109,"column":32}}},"15":{"name":"(anonymous_24)","decl":{"start":{"line":115,"column":32},"end":{"line":115,"column":33}},"loc":{"start":{"line":115,"column":39},"end":{"line":115,"column":43}}},"16":{"name":"(anonymous_25)","decl":{"start":{"line":115,"column":52},"end":{"line":115,"column":53}},"loc":{"start":{"line":115,"column":62},"end":{"line":115,"column":71}}},"17":{"name":"(anonymous_26)","decl":{"start":{"line":121,"column":35},"end":{"line":121,"column":36}},"loc":{"start":{"line":121,"column":45},"end":{"line":121,"column":79}}},"18":{"name":"(anonymous_27)","decl":{"start":{"line":124,"column":23},"end":{"line":124,"column":24}},"loc":{"start":{"line":124,"column":30},"end":{"line":124,"column":42}}},"19":{"name":"(anonymous_28)","decl":{"start":{"line":127,"column":15},"end":{"line":127,"column":16}},"loc":{"start":{"line":127,"column":27},"end":{"line":127,"column":55}}},"20":{"name":"(anonymous_29)","decl":{"start":{"line":129,"column":34},"end":{"line":129,"column":35}},"loc":{"start":{"line":129,"column":41},"end":{"line":129,"column":61}}},"21":{"name":"(anonymous_30)","decl":{"start":{"line":146,"column":17},"end":{"line":146,"column":20}},"loc":{"start":{"line":146,"column":23},"end":{"line":146,"column":41}}},"22":{"name":"(anonymous_31)","decl":{"start":{"line":196,"column":14},"end":{"line":196,"column":15}},"loc":{"start":{"line":197,"column":10},"end":{"line":204,"column":21}}},"23":{"name":"(anonymous_32)","decl":{"start":{"line":202,"column":21},"end":{"line":202,"column":24}},"loc":{"start":{"line":202,"column":26},"end":{"line":202,"column":78}}},"24":{"name":"(anonymous_33)","decl":{"start":{"line":215,"column":22},"end":{"line":215,"column":31}},"loc":{"start":{"line":215,"column":33},"end":{"line":234,"column":1}}},"25":{"name":"(anonymous_34)","decl":{"start":{"line":239,"column":19},"end":{"line":239,"column":20}},"loc":{"start":{"line":239,"column":50},"end":{"line":243,"column":3}}},"26":{"name":"(anonymous_35)","decl":{"start":{"line":244,"column":48},"end":{"line":244,"column":49}},"loc":{"start":{"line":244,"column":54},"end":{"line":247,"column":3}}}},"branchMap":{"0":{"loc":{"start":{"line":56,"column":2},"end":{"line":56,"column":24}},"type":"if","locations":[{"start":{"line":56,"column":2},"end":{"line":56,"column":24}}]},"1":{"loc":{"start":{"line":85,"column":4},"end":{"line":85,"column":61}},"type":"if","locations":[{"start":{"line":85,"column":4},"end":{"line":85,"column":61}}]},"2":{"loc":{"start":{"line":90,"column":4},"end":{"line":93,"column":5}},"type":"if","locations":[{"start":{"line":90,"column":4},"end":{"line":93,"column":5}}]},"3":{"loc":{"start":{"line":116,"column":22},"end":{"line":116,"column":80}},"type":"cond-expr","locations":[{"start":{"line":116,"column":48},"end":{"line":116,"column":68}},{"start":{"line":116,"column":71},"end":{"line":116,"column":80}}]},"4":{"loc":{"start":{"line":116,"column":22},"end":{"line":116,"column":45}},"type":"binary-expr","locations":[{"start":{"line":116,"column":22},"end":{"line":116,"column":33}},{"start":{"line":116,"column":37},"end":{"line":116,"column":45}}]},"5":{"loc":{"start":{"line":120,"column":17},"end":{"line":122,"column":38}},"type":"cond-expr","locations":[{"start":{"line":121,"column":6},"end":{"line":121,"column":80}},{"start":{"line":122,"column":6},"end":{"line":122,"column":38}}]},"6":{"loc":{"start":{"line":120,"column":17},"end":{"line":120,"column":40}},"type":"binary-expr","locations":[{"start":{"line":120,"column":17},"end":{"line":120,"column":28}},{"start":{"line":120,"column":32},"end":{"line":120,"column":40}}]},"7":{"loc":{"start":{"line":123,"column":19},"end":{"line":125,"column":18}},"type":"cond-expr","locations":[{"start":{"line":124,"column":6},"end":{"line":124,"column":43}},{"start":{"line":125,"column":6},"end":{"line":125,"column":18}}]},"8":{"loc":{"start":{"line":123,"column":19},"end":{"line":123,"column":42}},"type":"binary-expr","locations":[{"start":{"line":123,"column":19},"end":{"line":123,"column":30}},{"start":{"line":123,"column":34},"end":{"line":123,"column":42}}]},"9":{"loc":{"start":{"line":126,"column":20},"end":{"line":128,"column":10}},"type":"cond-expr","locations":[{"start":{"line":127,"column":6},"end":{"line":127,"column":56}},{"start":{"line":128,"column":6},"end":{"line":128,"column":10}}]},"10":{"loc":{"start":{"line":126,"column":20},"end":{"line":126,"column":43}},"type":"binary-expr","locations":[{"start":{"line":126,"column":20},"end":{"line":126,"column":31}},{"start":{"line":126,"column":35},"end":{"line":126,"column":43}}]},"11":{"loc":{"start":{"line":129,"column":43},"end":{"line":129,"column":60}},"type":"binary-expr","locations":[{"start":{"line":129,"column":43},"end":{"line":129,"column":47}},{"start":{"line":129,"column":51},"end":{"line":129,"column":60}}]},"12":{"loc":{"start":{"line":148,"column":22},"end":{"line":148,"column":49}},"type":"cond-expr","locations":[{"start":{"line":148,"column":31},"end":{"line":148,"column":38}},{"start":{"line":148,"column":41},"end":{"line":148,"column":49}}]},"13":{"loc":{"start":{"line":151,"column":28},"end":{"line":151,"column":67}},"type":"cond-expr","locations":[{"start":{"line":151,"column":37},"end":{"line":151,"column":52}},{"start":{"line":151,"column":55},"end":{"line":151,"column":67}}]},"14":{"loc":{"start":{"line":202,"column":29},"end":{"line":202,"column":60}},"type":"if","locations":[{"start":{"line":202,"column":29},"end":{"line":202,"column":60}}]},"15":{"loc":{"start":{"line":219,"column":2},"end":{"line":230,"column":3}},"type":"if","locations":[{"start":{"line":219,"column":2},"end":{"line":230,"column":3}}]},"16":{"loc":{"start":{"line":219,"column":6},"end":{"line":219,"column":18}},"type":"binary-expr","locations":[{"start":{"line":219,"column":6},"end":{"line":219,"column":9}},{"start":{"line":219,"column":13},"end":{"line":219,"column":18}}]},"17":{"loc":{"start":{"line":220,"column":4},"end":{"line":228,"column":5}},"type":"if","locations":[{"start":{"line":220,"column":4},"end":{"line":228,"column":5}}]},"18":{"loc":{"start":{"line":237,"column":0},"end":{"line":255,"column":1}},"type":"if","locations":[{"start":{"line":237,"column":0},"end":{"line":255,"column":1}}]},"19":{"loc":{"start":{"line":250,"column":2},"end":{"line":254,"column":3}},"type":"if","locations":[{"start":{"line":250,"column":2},"end":{"line":254,"column":3}},{"start":{"line":252,"column":9},"end":{"line":254,"column":3}}]}},"s":{"0":1,"1":1,"2":1,"3":1,"4":1,"5":0,"6":1,"7":24,"8":24,"9":0,"10":1,"11":25,"12":25,"13":25,"14":25,"15":25,"16":25,"17":75,"18":25,"19":25,"20":25,"21":25,"22":25,"23":25,"24":25,"25":0,"26":25,"27":0,"28":0,"29":0,"30":0,"31":0,"32":25,"33":0,"34":0,"35":0,"36":0,"37":25,"38":24,"39":0,"40":0,"41":25,"42":24,"43":0,"44":0,"45":24,"46":24,"47":24,"48":25,"49":25,"50":25,"51":75,"52":50,"53":25,"54":25,"55":25,"56":0,"57":25,"58":0,"59":25,"60":0,"61":25,"62":150,"63":25,"64":0,"65":100,"66":0,"67":0,"68":0,"69":1,"70":1,"71":1,"72":1,"73":1,"74":0,"75":1,"76":0,"77":0,"78":1,"79":1,"80":1,"81":0,"82":0,"83":0,"84":1,"85":0,"86":0,"87":1,"88":1,"89":0,"90":1,"91":1},"f":{"0":0,"1":24,"2":25,"3":75,"4":0,"5":0,"6":0,"7":0,"8":24,"9":0,"10":0,"11":24,"12":0,"13":0,"14":24,"15":75,"16":50,"17":0,"18":0,"19":0,"20":150,"21":0,"22":100,"23":0,"24":1,"25":0,"26":0},"b":{"0":[24],"1":[0],"2":[0],"3":[0,25],"4":[25,0],"5":[0,25],"6":[25,0],"7":[0,25],"8":[25,0],"9":[0,25],"10":[25,0],"11":[150,25],"12":[0,25],"13":[0,25],"14":[0],"15":[1],"16":[1,0],"17":[0],"18":[1],"19":[0,1]}}
,"/Users/ygwhrsh/dev/projects/harness-3rd/v3-chart.tsx": {"path":"/Users/ygwhrsh/dev/projects/harness-3rd/v3-chart.tsx","statementMap":{"0":{"start":{"line":3,"column":0},"end":{"line":3,"column":78}},"1":{"start":{"line":17,"column":15},"end":{"line":20,"column":1}},"2":{"start":{"line":18,"column":12},"end":{"line":18,"column":84}},"3":{"start":{"line":19,"column":2},"end":{"line":19,"column":23}},"4":{"start":{"line":23,"column":12},"end":{"line":23,"column":14}},"5":{"start":{"line":24,"column":13},"end":{"line":24,"column":15}},"6":{"start":{"line":25,"column":17},"end":{"line":25,"column":37}},"7":{"start":{"line":26,"column":17},"end":{"line":26,"column":56}},"8":{"start":{"line":27,"column":15},"end":{"line":31,"column":2}},"9":{"start":{"line":44,"column":45},"end":{"line":238,"column":1}},"10":{"start":{"line":54,"column":18},"end":{"line":54,"column":46}},"11":{"start":{"line":55,"column":16},"end":{"line":55,"column":47}},"12":{"start":{"line":56,"column":17},"end":{"line":56,"column":45}},"13":{"start":{"line":58,"column":2},"end":{"line":219,"column":58}},"14":{"start":{"line":59,"column":17},"end":{"line":210,"column":5}},"15":{"start":{"line":60,"column":19},"end":{"line":60,"column":34}},"16":{"start":{"line":61,"column":17},"end":{"line":61,"column":30}},"17":{"start":{"line":62,"column":6},"end":{"line":62,"column":31}},"18":{"start":{"line":62,"column":24},"end":{"line":62,"column":31}},"19":{"start":{"line":64,"column":16},"end":{"line":64,"column":32}},"20":{"start":{"line":65,"column":16},"end":{"line":65,"column":33}},"21":{"start":{"line":66,"column":6},"end":{"line":66,"column":27}},"22":{"start":{"line":66,"column":20},"end":{"line":66,"column":27}},"23":{"start":{"line":68,"column":18},"end":{"line":68,"column":46}},"24":{"start":{"line":69,"column":6},"end":{"line":69,"column":37}},"25":{"start":{"line":70,"column":6},"end":{"line":70,"column":38}},"26":{"start":{"line":72,"column":18},"end":{"line":72,"column":37}},"27":{"start":{"line":73,"column":6},"end":{"line":73,"column":23}},"28":{"start":{"line":73,"column":16},"end":{"line":73,"column":23}},"29":{"start":{"line":75,"column":6},"end":{"line":75,"column":45}},"30":{"start":{"line":76,"column":6},"end":{"line":76,"column":32}},"31":{"start":{"line":79,"column":19},"end":{"line":79,"column":21}},"32":{"start":{"line":80,"column":19},"end":{"line":80,"column":21}},"33":{"start":{"line":81,"column":19},"end":{"line":81,"column":21}},"34":{"start":{"line":82,"column":19},"end":{"line":82,"column":21}},"35":{"start":{"line":85,"column":20},"end":{"line":85,"column":50}},"36":{"start":{"line":86,"column":18},"end":{"line":86,"column":49}},"37":{"start":{"line":87,"column":18},"end":{"line":87,"column":57}},"38":{"start":{"line":88,"column":20},"end":{"line":88,"column":56}},"39":{"start":{"line":89,"column":20},"end":{"line":89,"column":44}},"40":{"start":{"line":90,"column":19},"end":{"line":90,"column":49}},"41":{"start":{"line":93,"column":19},"end":{"line":93,"column":43}},"42":{"start":{"line":94,"column":15},"end":{"line":94,"column":23}},"43":{"start":{"line":95,"column":15},"end":{"line":95,"column":24}},"44":{"start":{"line":97,"column":6},"end":{"line":100,"column":9}},"45":{"start":{"line":98,"column":8},"end":{"line":98,"column":29}},"46":{"start":{"line":99,"column":8},"end":{"line":99,"column":29}},"47":{"start":{"line":102,"column":6},"end":{"line":106,"column":7}},"48":{"start":{"line":103,"column":8},"end":{"line":105,"column":11}},"49":{"start":{"line":104,"column":10},"end":{"line":104,"column":31}},"50":{"start":{"line":108,"column":6},"end":{"line":111,"column":9}},"51":{"start":{"line":109,"column":8},"end":{"line":109,"column":29}},"52":{"start":{"line":110,"column":8},"end":{"line":110,"column":29}},"53":{"start":{"line":113,"column":19},"end":{"line":113,"column":31}},"54":{"start":{"line":114,"column":6},"end":{"line":114,"column":24}},"55":{"start":{"line":115,"column":6},"end":{"line":115,"column":24}},"56":{"start":{"line":118,"column":16},"end":{"line":118,"column":76}},"57":{"start":{"line":118,"column":39},"end":{"line":118,"column":76}},"58":{"start":{"line":119,"column":16},"end":{"line":119,"column":92}},"59":{"start":{"line":119,"column":39},"end":{"line":119,"column":92}},"60":{"start":{"line":121,"column":24},"end":{"line":122,"column":54}},"61":{"start":{"line":122,"column":8},"end":{"line":122,"column":54}},"62":{"start":{"line":125,"column":6},"end":{"line":125,"column":41}},"63":{"start":{"line":126,"column":6},"end":{"line":126,"column":52}},"64":{"start":{"line":129,"column":6},"end":{"line":129,"column":57}},"65":{"start":{"line":130,"column":6},"end":{"line":130,"column":29}},"66":{"start":{"line":131,"column":6},"end":{"line":142,"column":9}},"67":{"start":{"line":132,"column":18},"end":{"line":132,"column":36}},"68":{"start":{"line":133,"column":18},"end":{"line":133,"column":22}},"69":{"start":{"line":134,"column":8},"end":{"line":134,"column":45}},"70":{"start":{"line":135,"column":8},"end":{"line":135,"column":26}},"71":{"start":{"line":136,"column":8},"end":{"line":136,"column":24}},"72":{"start":{"line":137,"column":8},"end":{"line":137,"column":28}},"73":{"start":{"line":138,"column":8},"end":{"line":138,"column":32}},"74":{"start":{"line":139,"column":8},"end":{"line":139,"column":21}},"75":{"start":{"line":140,"column":8},"end":{"line":140,"column":28}},"76":{"start":{"line":141,"column":8},"end":{"line":141,"column":73}},"77":{"start":{"line":145,"column":6},"end":{"line":145,"column":31}},"78":{"start":{"line":146,"column":6},"end":{"line":146,"column":26}},"79":{"start":{"line":147,"column":6},"end":{"line":147,"column":76}},"80":{"start":{"line":147,"column":34},"end":{"line":147,"column":74}},"81":{"start":{"line":150,"column":6},"end":{"line":150,"column":22}},"82":{"start":{"line":151,"column":6},"end":{"line":151,"column":39}},"83":{"start":{"line":152,"column":6},"end":{"line":152,"column":70}},"84":{"start":{"line":152,"column":35},"end":{"line":152,"column":68}},"85":{"start":{"line":153,"column":6},"end":{"line":155,"column":7}},"86":{"start":{"line":153,"column":19},"end":{"line":153,"column":34}},"87":{"start":{"line":154,"column":8},"end":{"line":154,"column":50}},"88":{"start":{"line":156,"column":6},"end":{"line":156,"column":22}},"89":{"start":{"line":157,"column":6},"end":{"line":157,"column":42}},"90":{"start":{"line":158,"column":6},"end":{"line":158,"column":17}},"91":{"start":{"line":161,"column":19},"end":{"line":161,"column":65}},"92":{"start":{"line":162,"column":6},"end":{"line":162,"column":49}},"93":{"start":{"line":163,"column":6},"end":{"line":163,"column":48}},"94":{"start":{"line":164,"column":6},"end":{"line":164,"column":22}},"95":{"start":{"line":165,"column":6},"end":{"line":165,"column":35}},"96":{"start":{"line":166,"column":6},"end":{"line":168,"column":7}},"97":{"start":{"line":166,"column":19},"end":{"line":166,"column":20}},"98":{"start":{"line":167,"column":8},"end":{"line":167,"column":37}},"99":{"start":{"line":169,"column":6},"end":{"line":169,"column":35}},"100":{"start":{"line":170,"column":6},"end":{"line":170,"column":33}},"101":{"start":{"line":171,"column":6},"end":{"line":171,"column":22}},"102":{"start":{"line":172,"column":6},"end":{"line":172,"column":27}},"103":{"start":{"line":173,"column":6},"end":{"line":173,"column":17}},"104":{"start":{"line":176,"column":6},"end":{"line":187,"column":7}},"105":{"start":{"line":177,"column":8},"end":{"line":177,"column":45}},"106":{"start":{"line":178,"column":8},"end":{"line":178,"column":28}},"107":{"start":{"line":179,"column":8},"end":{"line":179,"column":32}},"108":{"start":{"line":180,"column":8},"end":{"line":180,"column":24}},"109":{"start":{"line":181,"column":8},"end":{"line":181,"column":36}},"110":{"start":{"line":182,"column":8},"end":{"line":184,"column":9}},"111":{"start":{"line":182,"column":21},"end":{"line":182,"column":22}},"112":{"start":{"line":183,"column":10},"end":{"line":183,"column":38}},"113":{"start":{"line":185,"column":8},"end":{"line":185,"column":21}},"114":{"start":{"line":186,"column":8},"end":{"line":186,"column":28}},"115":{"start":{"line":190,"column":6},"end":{"line":190,"column":30}},"116":{"start":{"line":191,"column":6},"end":{"line":191,"column":26}},"117":{"start":{"line":192,"column":6},"end":{"line":192,"column":22}},"118":{"start":{"line":193,"column":6},"end":{"line":193,"column":35}},"119":{"start":{"line":194,"column":6},"end":{"line":196,"column":7}},"120":{"start":{"line":194,"column":19},"end":{"line":194,"column":20}},"121":{"start":{"line":195,"column":8},"end":{"line":195,"column":37}},"122":{"start":{"line":197,"column":6},"end":{"line":197,"column":19}},"123":{"start":{"line":200,"column":6},"end":{"line":200,"column":45}},"124":{"start":{"line":201,"column":6},"end":{"line":201,"column":26}},"125":{"start":{"line":202,"column":6},"end":{"line":202,"column":30}},"126":{"start":{"line":203,"column":6},"end":{"line":203,"column":22}},"127":{"start":{"line":204,"column":6},"end":{"line":204,"column":39}},"128":{"start":{"line":205,"column":6},"end":{"line":207,"column":7}},"129":{"start":{"line":205,"column":19},"end":{"line":205,"column":20}},"130":{"start":{"line":206,"column":8},"end":{"line":206,"column":47}},"131":{"start":{"line":208,"column":6},"end":{"line":208,"column":19}},"132":{"start":{"line":209,"column":6},"end":{"line":209,"column":26}},"133":{"start":{"line":212,"column":4},"end":{"line":212,"column":11}},"134":{"start":{"line":213,"column":25},"end":{"line":213,"column":43}},"135":{"start":{"line":213,"column":37},"end":{"line":213,"column":43}},"136":{"start":{"line":214,"column":4},"end":{"line":214,"column":52}},"137":{"start":{"line":216,"column":4},"end":{"line":218,"column":6}},"138":{"start":{"line":217,"column":6},"end":{"line":217,"column":57}},"139":{"start":{"line":221,"column":2},"end":{"line":237,"column":4}},"140":{"start":{"line":44,"column":13},"end":{"line":44,"column":45}},"141":{"start":{"line":241,"column":0},"end":{"line":243,"column":1}},"142":{"start":{"line":242,"column":3},"end":{"line":242,"column":40}}},"fnMap":{"0":{"name":"(anonymous_9)","decl":{"start":{"line":17,"column":15},"end":{"line":17,"column":16}},"loc":{"start":{"line":17,"column":58},"end":{"line":20,"column":1}}},"1":{"name":"(anonymous_10)","decl":{"start":{"line":44,"column":45},"end":{"line":44,"column":46}},"loc":{"start":{"line":53,"column":19},"end":{"line":238,"column":1}}},"2":{"name":"(anonymous_11)","decl":{"start":{"line":58,"column":12},"end":{"line":58,"column":15}},"loc":{"start":{"line":58,"column":17},"end":{"line":219,"column":3}}},"3":{"name":"(anonymous_12)","decl":{"start":{"line":59,"column":17},"end":{"line":59,"column":26}},"loc":{"start":{"line":59,"column":28},"end":{"line":210,"column":5}}},"4":{"name":"(anonymous_13)","decl":{"start":{"line":97,"column":19},"end":{"line":97,"column":20}},"loc":{"start":{"line":97,"column":25},"end":{"line":100,"column":7}}},"5":{"name":"(anonymous_14)","decl":{"start":{"line":103,"column":20},"end":{"line":103,"column":21}},"loc":{"start":{"line":103,"column":26},"end":{"line":105,"column":9}}},"6":{"name":"(anonymous_15)","decl":{"start":{"line":108,"column":19},"end":{"line":108,"column":20}},"loc":{"start":{"line":108,"column":30},"end":{"line":111,"column":7}}},"7":{"name":"(anonymous_16)","decl":{"start":{"line":118,"column":16},"end":{"line":118,"column":17}},"loc":{"start":{"line":118,"column":39},"end":{"line":118,"column":76}}},"8":{"name":"(anonymous_17)","decl":{"start":{"line":119,"column":16},"end":{"line":119,"column":17}},"loc":{"start":{"line":119,"column":39},"end":{"line":119,"column":92}}},"9":{"name":"(anonymous_18)","decl":{"start":{"line":121,"column":24},"end":{"line":121,"column":25}},"loc":{"start":{"line":122,"column":8},"end":{"line":122,"column":54}}},"10":{"name":"(anonymous_19)","decl":{"start":{"line":131,"column":33},"end":{"line":131,"column":34}},"loc":{"start":{"line":131,"column":39},"end":{"line":142,"column":7}}},"11":{"name":"(anonymous_20)","decl":{"start":{"line":147,"column":23},"end":{"line":147,"column":24}},"loc":{"start":{"line":147,"column":34},"end":{"line":147,"column":74}}},"12":{"name":"(anonymous_21)","decl":{"start":{"line":152,"column":19},"end":{"line":152,"column":20}},"loc":{"start":{"line":152,"column":35},"end":{"line":152,"column":68}}},"13":{"name":"(anonymous_22)","decl":{"start":{"line":213,"column":25},"end":{"line":213,"column":34}},"loc":{"start":{"line":213,"column":37},"end":{"line":213,"column":43}}},"14":{"name":"(anonymous_23)","decl":{"start":{"line":216,"column":11},"end":{"line":216,"column":14}},"loc":{"start":{"line":216,"column":16},"end":{"line":218,"column":5}}}},"branchMap":{"0":{"loc":{"start":{"line":19,"column":9},"end":{"line":19,"column":22}},"type":"binary-expr","locations":[{"start":{"line":19,"column":9},"end":{"line":19,"column":10}},{"start":{"line":19,"column":14},"end":{"line":19,"column":22}}]},"1":{"loc":{"start":{"line":52,"column":2},"end":{"line":52,"column":14}},"type":"default-arg","locations":[{"start":{"line":52,"column":11},"end":{"line":52,"column":14}}]},"2":{"loc":{"start":{"line":62,"column":6},"end":{"line":62,"column":31}},"type":"if","locations":[{"start":{"line":62,"column":6},"end":{"line":62,"column":31}}]},"3":{"loc":{"start":{"line":62,"column":10},"end":{"line":62,"column":22}},"type":"binary-expr","locations":[{"start":{"line":62,"column":10},"end":{"line":62,"column":15}},{"start":{"line":62,"column":19},"end":{"line":62,"column":22}}]},"4":{"loc":{"start":{"line":66,"column":6},"end":{"line":66,"column":27}},"type":"if","locations":[{"start":{"line":66,"column":6},"end":{"line":66,"column":27}}]},"5":{"loc":{"start":{"line":66,"column":10},"end":{"line":66,"column":18}},"type":"binary-expr","locations":[{"start":{"line":66,"column":10},"end":{"line":66,"column":12}},{"start":{"line":66,"column":16},"end":{"line":66,"column":18}}]},"6":{"loc":{"start":{"line":68,"column":18},"end":{"line":68,"column":46}},"type":"binary-expr","locations":[{"start":{"line":68,"column":18},"end":{"line":68,"column":41}},{"start":{"line":68,"column":45},"end":{"line":68,"column":46}}]},"7":{"loc":{"start":{"line":73,"column":6},"end":{"line":73,"column":23}},"type":"if","locations":[{"start":{"line":73,"column":6},"end":{"line":73,"column":23}}]},"8":{"loc":{"start":{"line":102,"column":6},"end":{"line":106,"column":7}},"type":"if","locations":[{"start":{"line":102,"column":6},"end":{"line":106,"column":7}}]},"9":{"loc":{"start":{"line":113,"column":19},"end":{"line":113,"column":31}},"type":"binary-expr","locations":[{"start":{"line":113,"column":19},"end":{"line":113,"column":26}},{"start":{"line":113,"column":30},"end":{"line":113,"column":31}}]},"10":{"loc":{"start":{"line":176,"column":6},"end":{"line":187,"column":7}},"type":"if","locations":[{"start":{"line":176,"column":6},"end":{"line":187,"column":7}}]},"11":{"loc":{"start":{"line":241,"column":0},"end":{"line":243,"column":1}},"type":"if","locations":[{"start":{"line":241,"column":0},"end":{"line":243,"column":1}}]}},"s":{"0":1,"1":1,"2":0,"3":0,"4":1,"5":1,"6":1,"7":1,"8":1,"9":1,"10":29,"11":29,"12":29,"13":29,"14":27,"15":27,"16":27,"17":27,"18":0,"19":27,"20":27,"21":27,"22":27,"23":0,"24":0,"25":0,"26":0,"27":0,"28":0,"29":0,"30":0,"31":0,"32":0,"33":0,"34":0,"35":0,"36":0,"37":0,"38":0,"39":0,"40":0,"41":0,"42":0,"43":0,"44":0,"45":0,"46":0,"47":0,"48":0,"49":0,"50":0,"51":0,"52":0,"53":0,"54":0,"55":0,"56":0,"57":0,"58":0,"59":0,"60":0,"61":0,"62":0,"63":0,"64":0,"65":0,"66":0,"67":0,"68":0,"69":0,"70":0,"71":0,"72":0,"73":0,"74":0,"75":0,"76":0,"77":0,"78":0,"79":0,"80":0,"81":0,"82":0,"83":0,"84":0,"85":0,"86":0,"87":0,"88":0,"89":0,"90":0,"91":0,"92":0,"93":0,"94":0,"95":0,"96":0,"97":0,"98":0,"99":0,"100":0,"101":0,"102":0,"103":0,"104":0,"105":0,"106":0,"107":0,"108":0,"109":0,"110":0,"111":0,"112":0,"113":0,"114":0,"115":0,"116":0,"117":0,"118":0,"119":0,"120":0,"121":0,"122":0,"123":0,"124":0,"125":0,"126":0,"127":0,"128":0,"129":0,"130":0,"131":0,"132":0,"133":27,"134":27,"135":0,"136":27,"137":27,"138":27,"139":29,"140":1,"141":1,"142":1},"f":{"0":0,"1":29,"2":27,"3":27,"4":0,"5":0,"6":0,"7":0,"8":0,"9":0,"10":0,"11":0,"12":0,"13":0,"14":27},"b":{"0":[0,0],"1":[27],"2":[0],"3":[27,27],"4":[27],"5":[27,0],"6":[0,0],"7":[0],"8":[0],"9":[0,0],"10":[0],"11":[1]}}
,"/Users/ygwhrsh/dev/projects/harness-3rd/v3-components.tsx": {"path":"/Users/ygwhrsh/dev/projects/harness-3rd/v3-components.tsx","statementMap":{"0":{"start":{"line":3,"column":0},"end":{"line":3,"column":48}},"1":{"start":{"line":4,"column":0},"end":{"line":4,"column":38}},"2":{"start":{"line":19,"column":45},"end":{"line":48,"column":1}},"3":{"start":{"line":20,"column":33},"end":{"line":25,"column":4}},"4":{"start":{"line":26,"column":16},"end":{"line":26,"column":50}},"5":{"start":{"line":26,"column":39},"end":{"line":26,"column":46}},"6":{"start":{"line":28,"column":2},"end":{"line":47,"column":4}},"7":{"start":{"line":31,"column":8},"end":{"line":34,"column":10}},"8":{"start":{"line":39,"column":8},"end":{"line":43,"column":null}},"9":{"start":{"line":19,"column":13},"end":{"line":19,"column":45}},"10":{"start":{"line":63,"column":45},"end":{"line":98,"column":1}},"11":{"start":{"line":64,"column":29},"end":{"line":68,"column":4}},"12":{"start":{"line":70,"column":2},"end":{"line":97,"column":4}},"13":{"start":{"line":72,"column":6},"end":{"line":94,"column":null}},"14":{"start":{"line":86,"column":25},"end":{"line":86,"column":39}},"15":{"start":{"line":63,"column":13},"end":{"line":63,"column":45}},"16":{"start":{"line":101,"column":0},"end":{"line":103,"column":1}},"17":{"start":{"line":102,"column":3},"end":{"line":102,"column":58}}},"fnMap":{"0":{"name":"(anonymous_1)","decl":{"start":{"line":19,"column":45},"end":{"line":19,"column":46}},"loc":{"start":{"line":19,"column":96},"end":{"line":48,"column":1}}},"1":{"name":"(anonymous_2)","decl":{"start":{"line":26,"column":29},"end":{"line":26,"column":30}},"loc":{"start":{"line":26,"column":39},"end":{"line":26,"column":46}}},"2":{"name":"(anonymous_3)","decl":{"start":{"line":30,"column":16},"end":{"line":30,"column":17}},"loc":{"start":{"line":31,"column":8},"end":{"line":34,"column":10}}},"3":{"name":"(anonymous_4)","decl":{"start":{"line":38,"column":16},"end":{"line":38,"column":17}},"loc":{"start":{"line":39,"column":8},"end":{"line":43,"column":null}}},"4":{"name":"(anonymous_5)","decl":{"start":{"line":63,"column":45},"end":{"line":63,"column":46}},"loc":{"start":{"line":63,"column":96},"end":{"line":98,"column":1}}},"5":{"name":"(anonymous_6)","decl":{"start":{"line":71,"column":14},"end":{"line":71,"column":15}},"loc":{"start":{"line":72,"column":6},"end":{"line":94,"column":null}}},"6":{"name":"(anonymous_7)","decl":{"start":{"line":86,"column":19},"end":{"line":86,"column":22}},"loc":{"start":{"line":86,"column":25},"end":{"line":86,"column":39}}}},"branchMap":{"0":{"loc":{"start":{"line":22,"column":8},"end":{"line":22,"column":79}},"type":"cond-expr","locations":[{"start":{"line":22,"column":21},"end":{"line":22,"column":74}},{"start":{"line":22,"column":77},"end":{"line":22,"column":79}}]},"1":{"loc":{"start":{"line":24,"column":8},"end":{"line":24,"column":76}},"type":"cond-expr","locations":[{"start":{"line":24,"column":21},"end":{"line":24,"column":71}},{"start":{"line":24,"column":74},"end":{"line":24,"column":76}}]},"2":{"loc":{"start":{"line":43,"column":41},"end":{"line":43,"column":93}},"type":"cond-expr","locations":[{"start":{"line":43,"column":50},"end":{"line":43,"column":57}},{"start":{"line":43,"column":60},"end":{"line":43,"column":93}}]},"3":{"loc":{"start":{"line":73,"column":8},"end":{"line":78,"column":null}},"type":"binary-expr","locations":[{"start":{"line":73,"column":8},"end":{"line":73,"column":13}},{"start":{"line":74,"column":8},"end":{"line":78,"column":null}}]},"4":{"loc":{"start":{"line":83,"column":13},"end":{"line":83,"column":41}},"type":"cond-expr","locations":[{"start":{"line":83,"column":29},"end":{"line":83,"column":36}},{"start":{"line":83,"column":39},"end":{"line":83,"column":41}}]},"5":{"loc":{"start":{"line":84,"column":13},"end":{"line":84,"column":42}},"type":"cond-expr","locations":[{"start":{"line":84,"column":31},"end":{"line":84,"column":37}},{"start":{"line":84,"column":40},"end":{"line":84,"column":42}}]},"6":{"loc":{"start":{"line":85,"column":13},"end":{"line":85,"column":62}},"type":"cond-expr","locations":[{"start":{"line":85,"column":50},"end":{"line":85,"column":57}},{"start":{"line":85,"column":60},"end":{"line":85,"column":62}}]},"7":{"loc":{"start":{"line":85,"column":13},"end":{"line":85,"column":47}},"type":"binary-expr","locations":[{"start":{"line":85,"column":13},"end":{"line":85,"column":27}},{"start":{"line":85,"column":31},"end":{"line":85,"column":47}}]},"8":{"loc":{"start":{"line":101,"column":0},"end":{"line":103,"column":1}},"type":"if","locations":[{"start":{"line":101,"column":0},"end":{"line":103,"column":1}}]}},"s":{"0":2,"1":2,"2":2,"3":33,"4":33,"5":101,"6":33,"7":101,"8":101,"9":2,"10":2,"11":35,"12":35,"13":105,"14":0,"15":2,"16":2,"17":2},"f":{"0":33,"1":101,"2":101,"3":101,"4":35,"5":105,"6":0},"b":{"0":[32,1],"1":[3,30],"2":[3,98],"3":[105,70],"4":[33,72],"5":[35,70],"6":[1,104],"7":[105,35],"8":[2]}}
,"/Users/ygwhrsh/dev/projects/harness-3rd/v3-constants.ts": {"path":"/Users/ygwhrsh/dev/projects/harness-3rd/v3-constants.ts","statementMap":{"0":{"start":{"line":61,"column":13},"end":{"line":125,"column":2}},"1":{"start":{"line":127,"column":13},"end":{"line":131,"column":2}},"2":{"start":{"line":133,"column":13},"end":{"line":133,"column":85}},"3":{"start":{"line":135,"column":13},"end":{"line":140,"column":2}},"4":{"start":{"line":142,"column":13},"end":{"line":149,"column":2}},"5":{"start":{"line":151,"column":13},"end":{"line":156,"column":2}}},"fnMap":{},"branchMap":{},"s":{"0":2,"1":2,"2":2,"3":2,"4":2,"5":2},"f":{},"b":{}}
,"/Users/ygwhrsh/dev/projects/harness-3rd/v3-icons.tsx": {"path":"/Users/ygwhrsh/dev/projects/harness-3rd/v3-icons.tsx","statementMap":{"0":{"start":{"line":3,"column":0},"end":{"line":3,"column":45}},"1":{"start":{"line":7,"column":19},"end":{"line":23,"column":null}},"2":{"start":{"line":7,"column":65},"end":{"line":23,"column":null}},"3":{"start":{"line":8,"column":2},"end":{"line":23,"column":null}},"4":{"start":{"line":23,"column":24},"end":{"line":23,"column":66}},"5":{"start":{"line":26,"column":13},"end":{"line":65,"column":2}},"6":{"start":{"line":67,"column":45},"end":{"line":84,"column":null}},"7":{"start":{"line":68,"column":2},"end":{"line":84,"column":null}},"8":{"start":{"line":67,"column":13},"end":{"line":67,"column":45}},"9":{"start":{"line":87,"column":45},"end":{"line":95,"column":null}},"10":{"start":{"line":88,"column":2},"end":{"line":95,"column":null}},"11":{"start":{"line":87,"column":13},"end":{"line":87,"column":45}}},"fnMap":{"0":{"name":"(anonymous_1)","decl":{"start":{"line":7,"column":19},"end":{"line":7,"column":20}},"loc":{"start":{"line":7,"column":65},"end":{"line":23,"column":null}}},"1":{"name":"(anonymous_2)","decl":{"start":{"line":7,"column":65},"end":{"line":7,"column":66}},"loc":{"start":{"line":8,"column":2},"end":{"line":23,"column":null}}},"2":{"name":"(anonymous_3)","decl":{"start":{"line":23,"column":14},"end":{"line":23,"column":15}},"loc":{"start":{"line":23,"column":24},"end":{"line":23,"column":66}}},"3":{"name":"(anonymous_4)","decl":{"start":{"line":67,"column":45},"end":{"line":67,"column":46}},"loc":{"start":{"line":68,"column":2},"end":{"line":84,"column":null}}},"4":{"name":"(anonymous_5)","decl":{"start":{"line":87,"column":45},"end":{"line":87,"column":46}},"loc":{"start":{"line":88,"column":2},"end":{"line":95,"column":null}}}},"branchMap":{"0":{"loc":{"start":{"line":7,"column":37},"end":{"line":7,"column":60}},"type":"default-arg","locations":[{"start":{"line":7,"column":59},"end":{"line":7,"column":60}}]}},"s":{"0":2,"1":2,"2":34,"3":130,"4":200,"5":2,"6":2,"7":0,"8":2,"9":2,"10":0,"11":2},"f":{"0":34,"1":130,"2":200,"3":0,"4":0},"b":{"0":[28]}}
,"/Users/ygwhrsh/dev/projects/harness-3rd/v3-tweaks.tsx": {"path":"/Users/ygwhrsh/dev/projects/harness-3rd/v3-tweaks.tsx","statementMap":{"0":{"start":{"line":3,"column":0},"end":{"line":3,"column":69}},"1":{"start":{"line":9,"column":55},"end":{"line":11,"column":2}},"2":{"start":{"line":13,"column":24},"end":{"line":13,"column":64}},"3":{"start":{"line":20,"column":46},"end":{"line":22,"column":null}},"4":{"start":{"line":21,"column":2},"end":{"line":22,"column":null}},"5":{"start":{"line":32,"column":40},"end":{"line":51,"column":null}},"6":{"start":{"line":33,"column":2},"end":{"line":51,"column":null}},"7":{"start":{"line":37,"column":8},"end":{"line":48,"column":null}},"8":{"start":{"line":46,"column":29},"end":{"line":46,"column":60}},"9":{"start":{"line":58,"column":42},"end":{"line":72,"column":14}},"10":{"start":{"line":59,"column":2},"end":{"line":72,"column":14}},"11":{"start":{"line":78,"column":24},"end":{"line":108,"column":1}},"12":{"start":{"line":79,"column":30},"end":{"line":79,"column":64}},"13":{"start":{"line":81,"column":28},"end":{"line":83,"column":3}},"14":{"start":{"line":82,"column":4},"end":{"line":82,"column":53}},"15":{"start":{"line":82,"column":25},"end":{"line":82,"column":50}},"16":{"start":{"line":85,"column":2},"end":{"line":97,"column":21}},"17":{"start":{"line":86,"column":23},"end":{"line":86,"column":60}},"18":{"start":{"line":87,"column":21},"end":{"line":87,"column":35}},"19":{"start":{"line":89,"column":4},"end":{"line":96,"column":5}},"20":{"start":{"line":90,"column":20},"end":{"line":90,"column":39}},"21":{"start":{"line":91,"column":6},"end":{"line":95,"column":7}},"22":{"start":{"line":92,"column":8},"end":{"line":94,"column":9}},"23":{"start":{"line":93,"column":10},"end":{"line":93,"column":34}},"24":{"start":{"line":99,"column":2},"end":{"line":107,"column":4}},"25":{"start":{"line":105,"column":23},"end":{"line":105,"column":52}},"26":{"start":{"line":111,"column":22},"end":{"line":120,"column":1}},"27":{"start":{"line":112,"column":15},"end":{"line":112,"column":44}},"28":{"start":{"line":113,"column":2},"end":{"line":113,"column":29}},"29":{"start":{"line":114,"column":2},"end":{"line":114,"column":34}},"30":{"start":{"line":116,"column":20},"end":{"line":116,"column":43}},"31":{"start":{"line":117,"column":2},"end":{"line":119,"column":3}},"32":{"start":{"line":118,"column":4},"end":{"line":118,"column":71}},"33":{"start":{"line":123,"column":0},"end":{"line":129,"column":1}},"34":{"start":{"line":124,"column":2},"end":{"line":128,"column":3}},"35":{"start":{"line":125,"column":4},"end":{"line":125,"column":65}},"36":{"start":{"line":127,"column":4},"end":{"line":127,"column":20}},"37":{"start":{"line":131,"column":0},"end":{"line":131,"column":27}}},"fnMap":{"0":{"name":"(anonymous_9)","decl":{"start":{"line":20,"column":46},"end":{"line":20,"column":47}},"loc":{"start":{"line":21,"column":2},"end":{"line":22,"column":null}}},"1":{"name":"(anonymous_10)","decl":{"start":{"line":32,"column":40},"end":{"line":32,"column":41}},"loc":{"start":{"line":33,"column":2},"end":{"line":51,"column":null}}},"2":{"name":"(anonymous_11)","decl":{"start":{"line":36,"column":18},"end":{"line":36,"column":19}},"loc":{"start":{"line":37,"column":8},"end":{"line":48,"column":null}}},"3":{"name":"(anonymous_12)","decl":{"start":{"line":46,"column":22},"end":{"line":46,"column":23}},"loc":{"start":{"line":46,"column":29},"end":{"line":46,"column":60}}},"4":{"name":"(anonymous_13)","decl":{"start":{"line":58,"column":42},"end":{"line":58,"column":43}},"loc":{"start":{"line":59,"column":2},"end":{"line":72,"column":14}}},"5":{"name":"(anonymous_14)","decl":{"start":{"line":78,"column":24},"end":{"line":78,"column":41}},"loc":{"start":{"line":78,"column":43},"end":{"line":108,"column":1}}},"6":{"name":"(anonymous_15)","decl":{"start":{"line":81,"column":28},"end":{"line":81,"column":29}},"loc":{"start":{"line":81,"column":76},"end":{"line":83,"column":3}}},"7":{"name":"(anonymous_16)","decl":{"start":{"line":82,"column":14},"end":{"line":82,"column":15}},"loc":{"start":{"line":82,"column":25},"end":{"line":82,"column":50}}},"8":{"name":"(anonymous_17)","decl":{"start":{"line":85,"column":12},"end":{"line":85,"column":15}},"loc":{"start":{"line":85,"column":17},"end":{"line":97,"column":3}}},"9":{"name":"(anonymous_18)","decl":{"start":{"line":105,"column":16},"end":{"line":105,"column":17}},"loc":{"start":{"line":105,"column":23},"end":{"line":105,"column":52}}},"10":{"name":"(anonymous_19)","decl":{"start":{"line":111,"column":22},"end":{"line":111,"column":31}},"loc":{"start":{"line":111,"column":33},"end":{"line":120,"column":1}}}},"branchMap":{"0":{"loc":{"start":{"line":89,"column":4},"end":{"line":96,"column":5}},"type":"if","locations":[{"start":{"line":89,"column":4},"end":{"line":96,"column":5}}]},"1":{"loc":{"start":{"line":89,"column":8},"end":{"line":89,"column":38}},"type":"binary-expr","locations":[{"start":{"line":89,"column":8},"end":{"line":89,"column":21}},{"start":{"line":89,"column":25},"end":{"line":89,"column":38}}]},"2":{"loc":{"start":{"line":91,"column":6},"end":{"line":95,"column":7}},"type":"if","locations":[{"start":{"line":91,"column":6},"end":{"line":95,"column":7}}]},"3":{"loc":{"start":{"line":91,"column":10},"end":{"line":91,"column":48}},"type":"binary-expr","locations":[{"start":{"line":91,"column":10},"end":{"line":91,"column":14}},{"start":{"line":91,"column":18},"end":{"line":91,"column":31}},{"start":{"line":91,"column":35},"end":{"line":91,"column":48}}]},"4":{"loc":{"start":{"line":92,"column":8},"end":{"line":94,"column":9}},"type":"if","locations":[{"start":{"line":92,"column":8},"end":{"line":94,"column":9}}]},"5":{"loc":{"start":{"line":117,"column":2},"end":{"line":119,"column":3}},"type":"if","locations":[{"start":{"line":117,"column":2},"end":{"line":119,"column":3}}]},"6":{"loc":{"start":{"line":123,"column":0},"end":{"line":129,"column":1}},"type":"if","locations":[{"start":{"line":123,"column":0},"end":{"line":129,"column":1}}]},"7":{"loc":{"start":{"line":124,"column":2},"end":{"line":128,"column":3}},"type":"if","locations":[{"start":{"line":124,"column":2},"end":{"line":128,"column":3}},{"start":{"line":126,"column":9},"end":{"line":128,"column":3}}]}},"s":{"0":1,"1":1,"2":1,"3":1,"4":13,"5":1,"6":13,"7":39,"8":0,"9":1,"10":13,"11":1,"12":13,"13":13,"14":0,"15":0,"16":13,"17":13,"18":13,"19":13,"20":13,"21":13,"22":0,"23":0,"24":13,"25":0,"26":1,"27":1,"28":1,"29":1,"30":1,"31":1,"32":0,"33":1,"34":1,"35":0,"36":1,"37":1},"f":{"0":13,"1":13,"2":39,"3":0,"4":13,"5":13,"6":0,"7":0,"8":13,"9":0,"10":1},"b":{"0":[13],"1":[13,13],"2":[0],"3":[13,0,0],"4":[0],"5":[0],"6":[1],"7":[0,1]}}
}
