TN:
SF:v3-app.tsx
FN:39,(anonymous_9)
FN:55,(anonymous_10)
FN:64,(anonymous_11)
FN:72,(anonymous_12)
FN:81,(anonymous_13)
FN:83,(anonymous_14)
FN:86,(anonymous_15)
FN:89,(anonymous_16)
FN:98,(anonymous_17)
FN:100,(anonymous_18)
FN:101,(anonymous_19)
FN:106,(anonymous_20)
FN:107,(anonymous_21)
FN:107,(anonymous_22)
FN:109,(anonymous_23)
FN:115,(anonymous_24)
FN:115,(anonymous_25)
FN:121,(anonymous_26)
FN:124,(anonymous_27)
FN:127,(anonymous_28)
FN:129,(anonymous_29)
FN:146,(anonymous_30)
FN:196,(anonymous_31)
FN:202,(anonymous_32)
FN:215,(anonymous_33)
FN:239,(anonymous_34)
FN:244,(anonymous_35)
FNF:27
FNH:11
FNDA:0,(anonymous_9)
FNDA:24,(anonymous_10)
FNDA:25,(anonymous_11)
FNDA:75,(anonymous_12)
FNDA:0,(anonymous_13)
FNDA:0,(anonymous_14)
FNDA:0,(anonymous_15)
FNDA:0,(anonymous_16)
FNDA:24,(anonymous_17)
FNDA:0,(anonymous_18)
FNDA:0,(anonymous_19)
FNDA:24,(anonymous_20)
FNDA:0,(anonymous_21)
FNDA:0,(anonymous_22)
FNDA:24,(anonymous_23)
FNDA:75,(anonymous_24)
FNDA:50,(anonymous_25)
FNDA:0,(anonymous_26)
FNDA:0,(anonymous_27)
FNDA:0,(anonymous_28)
FNDA:150,(anonymous_29)
FNDA:0,(anonymous_30)
FNDA:100,(anonymous_31)
FNDA:0,(anonymous_32)
FNDA:1,(anonymous_33)
FNDA:0,(anonymous_34)
FNDA:0,(anonymous_35)
DA:3,1
DA:4,1
DA:13,1
DA:14,1
DA:39,1
DA:40,0
DA:55,1
DA:56,24
DA:57,0
DA:64,1
DA:65,25
DA:68,25
DA:69,25
DA:70,25
DA:71,25
DA:72,75
DA:73,25
DA:74,25
DA:75,25
DA:76,25
DA:77,25
DA:78,25
DA:81,25
DA:83,25
DA:84,0
DA:85,0
DA:86,0
DA:89,25
DA:90,0
DA:91,0
DA:92,0
DA:94,0
DA:98,25
DA:99,24
DA:100,0
DA:101,0
DA:106,25
DA:107,24
DA:108,24
DA:109,24
DA:113,25
DA:114,25
DA:115,75
DA:116,25
DA:117,25
DA:120,25
DA:121,0
DA:123,25
DA:124,0
DA:126,25
DA:127,0
DA:129,150
DA:132,25
DA:146,0
DA:197,100
DA:202,0
DA:215,1
DA:216,1
DA:217,1
DA:219,1
DA:220,1
DA:221,0
DA:229,1
DA:232,0
DA:233,0
DA:237,1
DA:238,1
DA:239,1
DA:240,0
DA:241,0
DA:242,0
DA:244,1
DA:245,0
DA:246,0
DA:248,1
DA:250,1
DA:251,0
DA:253,1
DA:257,1
LF:79
LH:54
BRDA:56,0,0,24
BRDA:85,1,0,0
BRDA:90,2,0,0
BRDA:116,3,0,0
BRDA:116,3,1,25
BRDA:116,4,0,25
BRDA:116,4,1,0
BRDA:120,5,0,0
BRDA:120,5,1,25
BRDA:120,6,0,25
BRDA:120,6,1,0
BRDA:123,7,0,0
BRDA:123,7,1,25
BRDA:123,8,0,25
BRDA:123,8,1,0
BRDA:126,9,0,0
BRDA:126,9,1,25
BRDA:126,10,0,25
BRDA:126,10,1,0
BRDA:129,11,0,150
BRDA:129,11,1,25
BRDA:148,12,0,0
BRDA:148,12,1,25
BRDA:151,13,0,0
BRDA:151,13,1,25
BRDA:202,14,0,0
BRDA:219,15,0,1
BRDA:219,16,0,1
BRDA:219,16,1,0
BRDA:220,17,0,0
BRDA:237,18,0,1
BRDA:250,19,0,0
BRDA:250,19,1,1
BRF:33
BRH:17
end_of_record
TN:
SF:v3-chart.tsx
FN:17,(anonymous_9)
FN:44,(anonymous_10)
FN:58,(anonymous_11)
FN:59,(anonymous_12)
FN:97,(anonymous_13)
FN:103,(anonymous_14)
FN:108,(anonymous_15)
FN:118,(anonymous_16)
FN:119,(anonymous_17)
FN:121,(anonymous_18)
FN:131,(anonymous_19)
FN:147,(anonymous_20)
FN:152,(anonymous_21)
FN:213,(anonymous_22)
FN:216,(anonymous_23)
FNF:15
FNH:4
FNDA:0,(anonymous_9)
FNDA:29,(anonymous_10)
FNDA:27,(anonymous_11)
FNDA:27,(anonymous_12)
FNDA:0,(anonymous_13)
FNDA:0,(anonymous_14)
FNDA:0,(anonymous_15)
FNDA:0,(anonymous_16)
FNDA:0,(anonymous_17)
FNDA:0,(anonymous_18)
FNDA:0,(anonymous_19)
FNDA:0,(anonymous_20)
FNDA:0,(anonymous_21)
FNDA:0,(anonymous_22)
FNDA:27,(anonymous_23)
DA:3,1
DA:17,1
DA:18,0
DA:19,0
DA:23,1
DA:24,1
DA:25,1
DA:26,1
DA:27,1
DA:44,1
DA:54,29
DA:55,29
DA:56,29
DA:58,29
DA:59,27
DA:60,27
DA:61,27
DA:62,27
DA:64,27
DA:65,27
DA:66,27
DA:68,0
DA:69,0
DA:70,0
DA:72,0
DA:73,0
DA:75,0
DA:76,0
DA:79,0
DA:80,0
DA:81,0
DA:82,0
DA:85,0
DA:86,0
DA:87,0
DA:88,0
DA:89,0
DA:90,0
DA:93,0
DA:94,0
DA:95,0
DA:97,0
DA:98,0
DA:99,0
DA:102,0
DA:103,0
DA:104,0
DA:108,0
DA:109,0
DA:110,0
DA:113,0
DA:114,0
DA:115,0
DA:118,0
DA:119,0
DA:121,0
DA:122,0
DA:125,0
DA:126,0
DA:129,0
DA:130,0
DA:131,0
DA:132,0
DA:133,0
DA:134,0
DA:135,0
DA:136,0
DA:137,0
DA:138,0
DA:139,0
DA:140,0
DA:141,0
DA:145,0
DA:146,0
DA:147,0
DA:150,0
DA:151,0
DA:152,0
DA:153,0
DA:154,0
DA:156,0
DA:157,0
DA:158,0
DA:161,0
DA:162,0
DA:163,0
DA:164,0
DA:165,0
DA:166,0
DA:167,0
DA:169,0
DA:170,0
DA:171,0
DA:172,0
DA:173,0
DA:176,0
DA:177,0
DA:178,0
DA:179,0
DA:180,0
DA:181,0
DA:182,0
DA:183,0
DA:185,0
DA:186,0
DA:190,0
DA:191,0
DA:192,0
DA:193,0
DA:194,0
DA:195,0
DA:197,0
DA:200,0
DA:201,0
DA:202,0
DA:203,0
DA:204,0
DA:205,0
DA:206,0
DA:208,0
DA:209,0
DA:212,27
DA:213,27
DA:214,27
DA:216,27
DA:217,27
DA:221,29
DA:241,1
DA:242,1
LF:129
LH:27
BRDA:19,0,0,0
BRDA:19,0,1,0
BRDA:52,1,0,27
BRDA:62,2,0,0
BRDA:62,3,0,27
BRDA:62,3,1,27
BRDA:66,4,0,27
BRDA:66,5,0,27
BRDA:66,5,1,0
BRDA:68,6,0,0
BRDA:68,6,1,0
BRDA:73,7,0,0
BRDA:102,8,0,0
BRDA:113,9,0,0
BRDA:113,9,1,0
BRDA:176,10,0,0
BRDA:241,11,0,1
BRF:17
BRH:6
end_of_record
TN:
SF:v3-components.tsx
FN:19,(anonymous_1)
FN:26,(anonymous_2)
FN:30,(anonymous_3)
FN:38,(anonymous_4)
FN:63,(anonymous_5)
FN:71,(anonymous_6)
FN:86,(anonymous_7)
FNF:7
FNH:6
FNDA:33,(anonymous_1)
FNDA:101,(anonymous_2)
FNDA:101,(anonymous_3)
FNDA:101,(anonymous_4)
FNDA:35,(anonymous_5)
FNDA:105,(anonymous_6)
FNDA:0,(anonymous_7)
DA:3,2
DA:4,2
DA:19,2
DA:20,33
DA:26,101
DA:28,33
DA:31,101
DA:39,101
DA:63,2
DA:64,35
DA:70,35
DA:72,105
DA:86,0
DA:101,2
DA:102,2
LF:15
LH:14
BRDA:22,0,0,32
BRDA:22,0,1,1
BRDA:24,1,0,3
BRDA:24,1,1,30
BRDA:43,2,0,3
BRDA:43,2,1,98
BRDA:73,3,0,105
BRDA:73,3,1,70
BRDA:83,4,0,33
BRDA:83,4,1,72
BRDA:84,5,0,35
BRDA:84,5,1,70
BRDA:85,6,0,1
BRDA:85,6,1,104
BRDA:85,7,0,105
BRDA:85,7,1,35
BRDA:101,8,0,2
BRF:17
BRH:17
end_of_record
TN:
SF:v3-constants.ts
FNF:0
FNH:0
DA:61,2
DA:127,2
DA:133,2
DA:135,2
DA:142,2
DA:151,2
LF:6
LH:6
BRF:0
BRH:0
end_of_record
TN:
SF:v3-icons.tsx
FN:7,(anonymous_1)
FN:7,(anonymous_2)
FN:23,(anonymous_3)
FN:67,(anonymous_4)
FN:87,(anonymous_5)
FNF:5
FNH:3
FNDA:34,(anonymous_1)
FNDA:130,(anonymous_2)
FNDA:200,(anonymous_3)
FNDA:0,(anonymous_4)
FNDA:0,(anonymous_5)
DA:3,2
DA:7,34
DA:8,130
DA:23,200
DA:26,2
DA:67,2
DA:68,0
DA:87,2
DA:88,0
LF:9
LH:7
BRDA:7,0,0,28
BRF:1
BRH:1
end_of_record
TN:
SF:v3-tweaks.tsx
FN:20,(anonymous_9)
FN:32,(anonymous_10)
FN:36,(anonymous_11)
FN:46,(anonymous_12)
FN:58,(anonymous_13)
FN:78,(anonymous_14)
FN:81,(anonymous_15)
FN:82,(anonymous_16)
FN:85,(anonymous_17)
FN:105,(anonymous_18)
FN:111,(anonymous_19)
FNF:11
FNH:7
FNDA:13,(anonymous_9)
FNDA:13,(anonymous_10)
FNDA:39,(anonymous_11)
FNDA:0,(anonymous_12)
FNDA:13,(anonymous_13)
FNDA:13,(anonymous_14)
FNDA:0,(anonymous_15)
FNDA:0,(anonymous_16)
FNDA:13,(anonymous_17)
FNDA:0,(anonymous_18)
FNDA:1,(anonymous_19)
DA:3,1
DA:9,1
DA:13,1
DA:20,1
DA:21,13
DA:32,1
DA:33,13
DA:37,39
DA:46,0
DA:58,1
DA:59,13
DA:78,1
DA:79,13
DA:81,13
DA:82,0
DA:85,13
DA:86,13
DA:87,13
DA:89,13
DA:90,13
DA:91,13
DA:92,0
DA:93,0
DA:99,13
DA:105,0
DA:111,1
DA:112,1
DA:113,1
DA:114,1
DA:116,1
DA:117,1
DA:118,0
DA:123,1
DA:124,1
DA:125,0
DA:127,1
DA:131,1
LF:37
LH:30
BRDA:89,0,0,13
BRDA:89,1,0,13
BRDA:89,1,1,13
BRDA:91,2,0,0
BRDA:91,3,0,13
BRDA:91,3,1,0
BRDA:91,3,2,0
BRDA:92,4,0,0
BRDA:117,5,0,0
BRDA:123,6,0,1
BRDA:124,7,0,0
BRDA:124,7,1,1
BRF:12
BRH:6
end_of_record
